{
  "RSpec": {
    "coverage": {
      "/home/postgres/testing_assingment/capstone_demoapp/app/models/bar.rb": [
        1,
        1,
        1,
        1,
        null
      ],
      "/home/postgres/testing_assingment/capstone_demoapp/app/models/foo.rb": [
        1,
        null
      ],
      "/home/postgres/testing_assingment/capstone_demoapp/app/controllers/ui_controller.rb": [
        1,
        null,
        null,
        null,
        null,
        null
      ],
      "/home/postgres/testing_assingment/capstone_demoapp/app/controllers/application_controller.rb": [
        1,
        null,
        1,
        null,
        1,
        1,
        null,
        1,
        1,
        4,
        null,
        null,
        4,
        4,
        null,
        null
      ],
      "/home/postgres/testing_assingment/capstone_demoapp/app/controllers/foos_controller.rb": [
        1,
        1,
        1,
        null,
        1,
        13,
        null,
        null,
        null,
        1,
        null,
        null,
        null,
        1,
        null,
        6,
        null,
        6,
        null,
        6,
        null,
        0,
        null,
        null,
        null,
        1,
        2,
        null,
        2,
        2,
        null,
        0,
        null,
        null,
        null,
        1,
        2,
        null,
        2,
        null,
        null,
        1,
        null,
        1,
        9,
        null,
        null,
        1,
        8,
        null,
        null
      ],
      "/home/postgres/testing_assingment/capstone_demoapp/app/controllers/bars_controller.rb": [
        1,
        1,
        1,
        null,
        1,
        1,
        null,
        null,
        null,
        1,
        null,
        null,
        null,
        1,
        1,
        null,
        1,
        null,
        1,
        null,
        0,
        null,
        null,
        null,
        1,
        1,
        null,
        1,
        1,
        null,
        0,
        null,
        null,
        null,
        1,
        1,
        null,
        1,
        null,
        null,
        1,
        null,
        1,
        8,
        null,
        null,
        1,
        2,
        null,
        null
      ]
    },
    "timestamp": 1486853688
  }
}
